<?xml version="1.0" encoding="UTF-8"?>
<!-- Generated by org.testng.reporters.JUnitXMLReporter -->
<testsuite ignored="0" hostname="LAPTOP-CFP1F3RI" failures="0" tests="8" name="Regression Test" time="80.716" errors="0" timestamp="2023-01-20T15:34:53 IST">
  <testcase classname="Tests" name="facebookDemo" time="17.192"/>
  <testcase classname="Tests" name="googleDemo" time="7.601"/>
  <testcase classname="Tests" name="instagramDemo" time="7.906"/>
  <testcase classname="Tests" name="linkedInDemo" time="9.66"/>
  <testcase classname="Tests" name="spaceXDemo" time="5.32"/>
  <testcase classname="Tests" name="teslaDemo" time="8.345"/>
  <testcase classname="Tests" name="twitterDemo" time="7.512"/>
  <testcase classname="Tests" name="youtubeDemo" time="16.715"/>
</testsuite> <!-- Regression Test -->
