<?xml version="1.0" encoding="UTF-8"?>
<testng-results ignored="0" total="8" passed="8" failed="0" skipped="0">
  <reporter-output>
  </reporter-output>
  <suite started-at="2023-01-20T15:33:32 IST" name="Regression" finished-at="2023-01-20T15:34:52 IST" duration-ms="80716">
    <groups>
      <group name="social">
        <method signature="Tests.facebookDemo()[pri:0, instance:Tests@25641d39]" name="facebookDemo" class="Tests"/>
        <method signature="Tests.instagramDemo()[pri:0, instance:Tests@25641d39]" name="instagramDemo" class="Tests"/>
        <method signature="Tests.twitterDemo()[pri:0, instance:Tests@25641d39]" name="twitterDemo" class="Tests"/>
      </group> <!-- social -->
    </groups>
    <test started-at="2023-01-20T15:33:32 IST" name="Regression Test" finished-at="2023-01-20T15:34:52 IST" duration-ms="80716">
      <class name="Tests">
        <test-method signature="facebookDemo()[pri:0, instance:Tests@25641d39]" started-at="2023-01-20T15:33:32 IST" name="facebookDemo" finished-at="2023-01-20T15:33:49 IST" duration-ms="17192" status="PASS">
          <reporter-output>
          </reporter-output>
        </test-method> <!-- facebookDemo -->
        <test-method signature="googleDemo()[pri:0, instance:Tests@25641d39]" started-at="2023-01-20T15:33:49 IST" name="googleDemo" finished-at="2023-01-20T15:33:57 IST" duration-ms="7601" status="PASS">
          <reporter-output>
          </reporter-output>
        </test-method> <!-- googleDemo -->
        <test-method signature="instagramDemo()[pri:0, instance:Tests@25641d39]" started-at="2023-01-20T15:33:57 IST" name="instagramDemo" finished-at="2023-01-20T15:34:05 IST" duration-ms="7906" status="PASS">
          <reporter-output>
          </reporter-output>
        </test-method> <!-- instagramDemo -->
        <test-method signature="linkedInDemo()[pri:0, instance:Tests@25641d39]" started-at="2023-01-20T15:34:05 IST" name="linkedInDemo" finished-at="2023-01-20T15:34:15 IST" duration-ms="9660" status="PASS">
          <reporter-output>
          </reporter-output>
        </test-method> <!-- linkedInDemo -->
        <test-method signature="spaceXDemo()[pri:0, instance:Tests@25641d39]" started-at="2023-01-20T15:34:15 IST" name="spaceXDemo" finished-at="2023-01-20T15:34:20 IST" duration-ms="5320" status="PASS">
          <reporter-output>
          </reporter-output>
        </test-method> <!-- spaceXDemo -->
        <test-method signature="teslaDemo()[pri:0, instance:Tests@25641d39]" started-at="2023-01-20T15:34:20 IST" name="teslaDemo" finished-at="2023-01-20T15:34:28 IST" duration-ms="8345" status="PASS">
          <reporter-output>
          </reporter-output>
        </test-method> <!-- teslaDemo -->
        <test-method signature="twitterDemo()[pri:0, instance:Tests@25641d39]" started-at="2023-01-20T15:34:28 IST" name="twitterDemo" finished-at="2023-01-20T15:34:36 IST" duration-ms="7512" status="PASS">
          <reporter-output>
          </reporter-output>
        </test-method> <!-- twitterDemo -->
        <test-method signature="youtubeDemo()[pri:0, instance:Tests@25641d39]" started-at="2023-01-20T15:34:36 IST" name="youtubeDemo" finished-at="2023-01-20T15:34:52 IST" duration-ms="16715" status="PASS">
          <reporter-output>
          </reporter-output>
        </test-method> <!-- youtubeDemo -->
      </class> <!-- Tests -->
    </test> <!-- Regression Test -->
  </suite> <!-- Regression -->
</testng-results>
