<?xml version="1.0" encoding="UTF-8"?>
<!-- Generated by org.testng.reporters.JUnitXMLReporter -->
<testsuite ignored="0" hostname="LAPTOP-CFP1F3RI" failures="0" tests="11" name="Command line test" time="0.096" errors="0" timestamp="2022-05-27T17:27:46 IST">
  <testcase classname="SeleniumMaven.AppiumTest" name="IosUse" time="0.007"/>
  <testcase classname="SeleniumMaven.AppiumTest" name="androidUse" time="0.001"/>
  <testcase classname="SeleniumMaven.RestAssuredTest" name="deleteTwitter" time="0.001"/>
  <testcase classname="SeleniumMaven.RestAssuredTest" name="trackJira" time="0.003"/>
  <testcase classname="SeleniumMaven.SeleniumHomePageTest" name="HomeWebElements" time="0.001"/>
  <testcase classname="SeleniumMaven.SeleniumHomePageTest" name="burgerIconMenu" time="0.001"/>
  <testcase classname="SeleniumMaven.SeleniumHomePageTest" name="homeScreen" time="0.001"/>
  <testcase classname="SeleniumMaven.SeleniumJavaTest" name="chromeBrowser" time="0.001"/>
  <testcase classname="SeleniumMaven.SeleniumJavaTest" name="webElements" time="0.0"/>
  <testcase classname="SeleniumMaven.SeleniumWebLoginTest" name="webLogin" time="0.001"/>
  <testcase classname="SeleniumMaven.SeleniumWebLoginTest" name="webLogout" time="0.0"/>
</testsuite> <!-- Command line test -->
