<?xml version="1.0" encoding="UTF-8"?>
<testng-results ignored="0" total="9" passed="9" failed="0" skipped="0">
  <reporter-output>
  </reporter-output>
  <suite started-at="2022-06-06T13:17:03 IST" name="All Test Suite" finished-at="2022-06-06T13:17:03 IST" duration-ms="160">
    <groups>
    </groups>
    <test started-at="2022-06-06T13:17:03 IST" name="C:/Users/91912/IdeaProjects/SeleniumMaven/src/test/java/SeleniumMaven" finished-at="2022-06-06T13:17:03 IST" duration-ms="160">
      <class name="SeleniumMaven.SeleniumJavaTest">
        <test-method signature="chromeBrowser()[pri:0, instance:SeleniumMaven.SeleniumJavaTest@50b5ac82]" started-at="2022-06-06T13:17:03 IST" name="chromeBrowser" finished-at="2022-06-06T13:17:03 IST" duration-ms="1" status="PASS">
          <reporter-output>
          </reporter-output>
        </test-method> <!-- chromeBrowser -->
        <test-method signature="webElements()[pri:0, instance:SeleniumMaven.SeleniumJavaTest@50b5ac82]" started-at="2022-06-06T13:17:03 IST" name="webElements" finished-at="2022-06-06T13:17:03 IST" duration-ms="1" status="PASS">
          <reporter-output>
          </reporter-output>
        </test-method> <!-- webElements -->
      </class> <!-- SeleniumMaven.SeleniumJavaTest -->
      <class name="SeleniumMaven.SeleniumHomePageTest">
        <test-method signature="HomeWebElements()[pri:0, instance:SeleniumMaven.SeleniumHomePageTest@33990a0c]" started-at="2022-06-06T13:17:03 IST" name="HomeWebElements" finished-at="2022-06-06T13:17:03 IST" duration-ms="1" status="PASS">
          <reporter-output>
          </reporter-output>
        </test-method> <!-- HomeWebElements -->
        <test-method signature="burgerIconMenu()[pri:0, instance:SeleniumMaven.SeleniumHomePageTest@33990a0c]" started-at="2022-06-06T13:17:03 IST" name="burgerIconMenu" finished-at="2022-06-06T13:17:03 IST" duration-ms="2" status="PASS">
          <reporter-output>
          </reporter-output>
        </test-method> <!-- burgerIconMenu -->
        <test-method signature="homeScreen()[pri:0, instance:SeleniumMaven.SeleniumHomePageTest@33990a0c]" started-at="2022-06-06T13:17:03 IST" name="homeScreen" finished-at="2022-06-06T13:17:03 IST" duration-ms="1" status="PASS">
          <reporter-output>
          </reporter-output>
        </test-method> <!-- homeScreen -->
      </class> <!-- SeleniumMaven.SeleniumHomePageTest -->
      <class name="SeleniumMaven.SeleniumWebLoginTest">
        <test-method signature="webLogin()[pri:0, instance:SeleniumMaven.SeleniumWebLoginTest@6c130c45]" started-at="2022-06-06T13:17:03 IST" name="webLogin" finished-at="2022-06-06T13:17:03 IST" duration-ms="16" status="PASS">
          <reporter-output>
          </reporter-output>
        </test-method> <!-- webLogin -->
        <test-method signature="webLogout()[pri:0, instance:SeleniumMaven.SeleniumWebLoginTest@6c130c45]" started-at="2022-06-06T13:17:03 IST" name="webLogout" finished-at="2022-06-06T13:17:03 IST" duration-ms="1" status="PASS">
          <reporter-output>
          </reporter-output>
        </test-method> <!-- webLogout -->
      </class> <!-- SeleniumMaven.SeleniumWebLoginTest -->
      <class name="SeleniumMaven.SeleniumProfilePage">
        <test-method signature="profileHome()[pri:0, instance:SeleniumMaven.SeleniumProfilePage@4de4b452]" started-at="2022-06-06T13:17:03 IST" name="profileHome" finished-at="2022-06-06T13:17:03 IST" duration-ms="2" status="PASS">
          <reporter-output>
          </reporter-output>
        </test-method> <!-- profileHome -->
        <test-method signature="profileSettings()[pri:0, instance:SeleniumMaven.SeleniumProfilePage@4de4b452]" started-at="2022-06-06T13:17:03 IST" name="profileSettings" finished-at="2022-06-06T13:17:03 IST" duration-ms="1" status="PASS">
          <reporter-output>
          </reporter-output>
        </test-method> <!-- profileSettings -->
      </class> <!-- SeleniumMaven.SeleniumProfilePage -->
    </test> <!-- C:/Users/91912/IdeaProjects/SeleniumMaven/src/test/java/SeleniumMaven -->
  </suite> <!-- All Test Suite -->
</testng-results>
