<?xml version="1.0" encoding="UTF-8"?>
<!-- Generated by org.testng.reporters.JUnitXMLReporter -->
<testsuite ignored="0" hostname="LAPTOP-CFP1F3RI" failures="0" tests="5" name="TestNG_Tutorial" time="0.078" errors="0" timestamp="2022-04-12T22:55:45 IST">
  <testcase classname="TestNgPrograms.TestNgDataProvider" name="deskTopLogin" time="0.016"/>
  <testcase classname="TestNgPrograms.TestNgDataProvider" name="mobileLogin" time="0.0"/>
  <testcase classname="TestNgPrograms.TestNgDataProvider" name="mobileLogin" time="0.015"/>
  <testcase classname="TestNgPrograms.TestNgDataProvider" name="mobileLogin" time="0.0"/>
  <testcase classname="TestNgPrograms.TestNgDataProvider" name="webLogin" time="0.0"/>
</testsuite> <!-- TestNG_Tutorial -->
